<?xml version="1.0" encoding="UTF-8"?>
<testng-results ignored="0" total="1" passed="1" failed="0" skipped="0">
  <reporter-output>
  </reporter-output>
  <suite started-at="2023-05-18T10:14:51 IST" name="Default suite" finished-at="2023-05-18T10:14:58 IST" duration-ms="7265">
    <groups>
    </groups>
    <test started-at="2023-05-18T10:14:51 IST" name="Default test" finished-at="2023-05-18T10:14:58 IST" duration-ms="7265">
      <class name="Selenium_Frameworks.DataDriven_Framework.DataDrivenProgram1">
        <test-method signature="dataDriver(java.lang.String,java.lang.String,java.lang.String)[pri:0, instance:Selenium_Frameworks.DataDriven_Framework.DataDrivenProgram1@3646a422]" started-at="2023-05-18T10:14:51 IST" name="dataDriver" data-provider="testdata" finished-at="2023-05-18T10:14:58 IST" duration-ms="6943" status="PASS">
          <params>
            <param index="0">
              <value>
                <![CDATA[thara@gmail.com]]>
              </value>
            </param>
            <param index="1">
              <value>
                <![CDATA[Thara]]>
              </value>
            </param>
            <param index="2">
              <value>
                <![CDATA[Thara]]>
              </value>
            </param>
          </params>
          <reporter-output>
          </reporter-output>
        </test-method> <!-- dataDriver -->
      </class> <!-- Selenium_Frameworks.DataDriven_Framework.DataDrivenProgram1 -->
    </test> <!-- Default test -->
  </suite> <!-- Default suite -->
</testng-results>
